<?xml version="1.0" encoding="UTF-8"?>
<testsuite xmlns:xsi="http://www.w3.org/2001/XMLSchema-instance" xsi:noNamespaceSchemaLocation="https://maven.apache.org/surefire/maven-surefire-plugin/xsd/surefire-test-report-3.0.xsd" version="3.0" name="com.bookingmx.reservation.util.DateValidatorTest" time="0.234" tests="38" errors="0" skipped="0" failures="0">
  <properties>
[...]
</properties>
  <testcase name="testValidationMessageValidDates" classname="com.bookingmx.reservation.util.DateValidatorTest" time="0.005"/>
  <testcase name="testIsValidCheckOutDateWithNull" classname="com.bookingmx.reservation.util.DateValidatorTest" time="0.002"/>
  <testcase name="testValidCheckOutDate" classname="com.bookingmx.reservation.util.DateValidatorTest" time="0.001"/>
  <testcase name="testValidationMessageCheckOutBeforeCheckIn" classname="com.bookingmx.reservation.util.DateValidatorTest" time="0.001"/>
  <testcase name="testValidationMessagePastCheckIn" classname="com.bookingmx.reservation.util.DateValidatorTest" time="0.002"/>
  <testcase name="testCalculateNights(int, int, long)[1]" classname="com.bookingmx.reservation.util.DateValidatorTest" time="0.004"/>
  <testcase name="testCalculateNights(int, int, long)[2]" classname="com.bookingmx.reservation.util.DateValidatorTest" time="0.0"/>
  <testcase name="testCalculateNights(int, int, long)[3]" classname="com.bookingmx.reservation.util.DateValidatorTest" time="0.01"/>
  <testcase name="testCalculateNights(int, int, long)[4]" classname="com.bookingmx.reservation.util.DateValidatorTest" time="0.003"/>
  <testcase name="testFormatDateRange" classname="com.bookingmx.reservation.util.DateValidatorTest" time="0.004"/>
  <testcase name="testInvalidCheckInDateTooFarFuture" classname="com.bookingmx.reservation.util.DateValidatorTest" time="0.0"/>
  <testcase name="testCalculateNightsInvalidRange" classname="com.bookingmx.reservation.util.DateValidatorTest" time="0.006"/>
  <testcase name="testInvalidCheckInDatePast" classname="com.bookingmx.reservation.util.DateValidatorTest" time="0.0"/>
  <testcase name="testCalculateNightsWithNulls" classname="com.bookingmx.reservation.util.DateValidatorTest" time="0.0"/>
  <testcase name="testValidationMessageNullCheckOut" classname="com.bookingmx.reservation.util.DateValidatorTest" time="0.0"/>
  <testcase name="testTodayIsNotPastDate" classname="com.bookingmx.reservation.util.DateValidatorTest" time="0.002"/>
  <testcase name="testDateRangesDoNotOverlap" classname="com.bookingmx.reservation.util.DateValidatorTest" time="0.002"/>
  <testcase name="testIsFutureDate" classname="com.bookingmx.reservation.util.DateValidatorTest" time="0.0"/>
  <testcase name="testInvalidCheckOutEqualsCheckIn" classname="com.bookingmx.reservation.util.DateValidatorTest" time="0.0"/>
  <testcase name="testValidCheckInDateNearFuture" classname="com.bookingmx.reservation.util.DateValidatorTest" time="0.0"/>
  <testcase name="testDoesNotMeetMinimumNights" classname="com.bookingmx.reservation.util.DateValidatorTest" time="0.007"/>
  <testcase name="testIsPastDate" classname="com.bookingmx.reservation.util.DateValidatorTest" time="0.0"/>
  <testcase name="testValidationMessageMinimumNights" classname="com.bookingmx.reservation.util.DateValidatorTest" time="0.0"/>
  <testcase name="testIsPastDateWithNull" classname="com.bookingmx.reservation.util.DateValidatorTest" time="0.005"/>
  <testcase name="testMeetsMinimumNights" classname="com.bookingmx.reservation.util.DateValidatorTest" time="0.004"/>
  <testcase name="testFutureDateIsNotPast" classname="com.bookingmx.reservation.util.DateValidatorTest" time="0.0"/>
  <testcase name="testInvalidCheckOutBeforeCheckIn" classname="com.bookingmx.reservation.util.DateValidatorTest" time="0.0"/>
  <testcase name="testDateRangesOverlap" classname="com.bookingmx.reservation.util.DateValidatorTest" time="0.0"/>
  <testcase name="testConstructorThrowsException" classname="com.bookingmx.reservation.util.DateValidatorTest" time="0.004"/>
  <testcase name="testValidationMessageTooFar" classname="com.bookingmx.reservation.util.DateValidatorTest" time="0.0"/>
  <testcase name="testValidationMessageNullCheckIn" classname="com.bookingmx.reservation.util.DateValidatorTest" time="0.001"/>
  <testcase name="testDoDateRangesOverlapWithNulls" classname="com.bookingmx.reservation.util.DateValidatorTest" time="0.002"/>
  <testcase name="testValidDateRange" classname="com.bookingmx.reservation.util.DateValidatorTest" time="0.0"/>
  <testcase name="testIsToday" classname="com.bookingmx.reservation.util.DateValidatorTest" time="0.0"/>
  <testcase name="testInvalidDateRangePastCheckIn" classname="com.bookingmx.reservation.util.DateValidatorTest" time="0.0"/>
  <testcase name="testValidCheckInDateToday" classname="com.bookingmx.reservation.util.DateValidatorTest" time="0.0"/>
  <testcase name="testDateRangesOverlapContainment" classname="com.bookingmx.reservation.util.DateValidatorTest" time="0.0"/>
  <testcase name="testIsValidCheckInDateWithNull" classname="com.bookingmx.reservation.util.DateValidatorTest" time="0.004"/>
</testsuite>