<?xml version="1.0" encoding="UTF-8"?>
<testsuite xmlns:xsi="http://www.w3.org/2001/XMLSchema-instance" xsi:noNamespaceSchemaLocation="https://maven.apache.org/surefire/maven-surefire-plugin/xsd/surefire-test-report-3.0.xsd" version="3.0" name="com.bookingmx.reservation.util.PriceCalculatorTest" time="0.096" tests="43" errors="0" skipped="0" failures="0">
  <properties>
[...]
</properties>
  <testcase name="testCalculateBasePriceNullDates" classname="com.bookingmx.reservation.util.PriceCalculatorTest" time="0.0"/>
  <testcase name="testCalculateTotalPriceWithoutTax" classname="com.bookingmx.reservation.util.PriceCalculatorTest" time="0.0"/>
  <testcase name="testGetPriceBreakdown" classname="com.bookingmx.reservation.util.PriceCalculatorTest" time="0.001"/>
  <testcase name="testPriceBreakdownToString_WithDiscount" classname="com.bookingmx.reservation.util.PriceCalculatorTest" time="0.002"/>
  <testcase name="testGetDiscountRateNegativeNights" classname="com.bookingmx.reservation.util.PriceCalculatorTest" time="0.002"/>
  <testcase name="testCalculateTotalPriceWithTax" classname="com.bookingmx.reservation.util.PriceCalculatorTest" time="0.002"/>
  <testcase name="testCalculateDiscountNoDiscount" classname="com.bookingmx.reservation.util.PriceCalculatorTest" time="0.001"/>
  <testcase name="testCalculateBasePriceNegativeNights" classname="com.bookingmx.reservation.util.PriceCalculatorTest" time="0.002"/>
  <testcase name="testCalculatePricesAllRoomTypes(RoomType)[1]" classname="com.bookingmx.reservation.util.PriceCalculatorTest" time="0.002"/>
  <testcase name="testCalculatePricesAllRoomTypes(RoomType)[2]" classname="com.bookingmx.reservation.util.PriceCalculatorTest" time="0.002"/>
  <testcase name="testCalculatePricesAllRoomTypes(RoomType)[3]" classname="com.bookingmx.reservation.util.PriceCalculatorTest" time="0.0"/>
  <testcase name="testCalculatePricesAllRoomTypes(RoomType)[4]" classname="com.bookingmx.reservation.util.PriceCalculatorTest" time="0.006"/>
  <testcase name="testGetDiscountRateTiers(long, double)[1]" classname="com.bookingmx.reservation.util.PriceCalculatorTest" time="0.0"/>
  <testcase name="testGetDiscountRateTiers(long, double)[2]" classname="com.bookingmx.reservation.util.PriceCalculatorTest" time="0.0"/>
  <testcase name="testGetDiscountRateTiers(long, double)[3]" classname="com.bookingmx.reservation.util.PriceCalculatorTest" time="0.0"/>
  <testcase name="testGetDiscountRateTiers(long, double)[4]" classname="com.bookingmx.reservation.util.PriceCalculatorTest" time="0.004"/>
  <testcase name="testGetDiscountRateTiers(long, double)[5]" classname="com.bookingmx.reservation.util.PriceCalculatorTest" time="0.0"/>
  <testcase name="testGetDiscountRateTiers(long, double)[6]" classname="com.bookingmx.reservation.util.PriceCalculatorTest" time="0.0"/>
  <testcase name="testGetDiscountRateTiers(long, double)[7]" classname="com.bookingmx.reservation.util.PriceCalculatorTest" time="0.0"/>
  <testcase name="testGetDiscountRateTiers(long, double)[8]" classname="com.bookingmx.reservation.util.PriceCalculatorTest" time="0.0"/>
  <testcase name="testGetDiscountRateTiers(long, double)[9]" classname="com.bookingmx.reservation.util.PriceCalculatorTest" time="0.0"/>
  <testcase name="testGetPriceBreakdownNulls" classname="com.bookingmx.reservation.util.PriceCalculatorTest" time="0.0"/>
  <testcase name="testPriceBreakdownToString" classname="com.bookingmx.reservation.util.PriceCalculatorTest" time="0.0"/>
  <testcase name="testGetDiscountRateNoDiscount" classname="com.bookingmx.reservation.util.PriceCalculatorTest" time="0.0"/>
  <testcase name="testCalculateTaxNegativePrice" classname="com.bookingmx.reservation.util.PriceCalculatorTest" time="0.001"/>
  <testcase name="testCalculateTotalPriceNullRoomType" classname="com.bookingmx.reservation.util.PriceCalculatorTest" time="0.0"/>
  <testcase name="testFormatPriceRounding" classname="com.bookingmx.reservation.util.PriceCalculatorTest" time="0.003"/>
  <testcase name="testConstructorThrowsException" classname="com.bookingmx.reservation.util.PriceCalculatorTest" time="0.0"/>
  <testcase name="testCalculatePriceAfterDiscount" classname="com.bookingmx.reservation.util.PriceCalculatorTest" time="0.0"/>
  <testcase name="testFormatPrice" classname="com.bookingmx.reservation.util.PriceCalculatorTest" time="0.0"/>
  <testcase name="testCalculateDiscountNegativePrice" classname="com.bookingmx.reservation.util.PriceCalculatorTest" time="0.004"/>
  <testcase name="testCalculateBasePriceNullRoomType" classname="com.bookingmx.reservation.util.PriceCalculatorTest" time="0.0"/>
  <testcase name="testCalculateDiscount" classname="com.bookingmx.reservation.util.PriceCalculatorTest" time="0.0"/>
  <testcase name="testCalculateBasePriceAllRoomTypes(RoomType, long, double)[1]" classname="com.bookingmx.reservation.util.PriceCalculatorTest" time="0.002"/>
  <testcase name="testCalculateBasePriceAllRoomTypes(RoomType, long, double)[2]" classname="com.bookingmx.reservation.util.PriceCalculatorTest" time="0.002"/>
  <testcase name="testCalculateBasePriceAllRoomTypes(RoomType, long, double)[3]" classname="com.bookingmx.reservation.util.PriceCalculatorTest" time="0.0"/>
  <testcase name="testCalculateBasePriceAllRoomTypes(RoomType, long, double)[4]" classname="com.bookingmx.reservation.util.PriceCalculatorTest" time="0.0"/>
  <testcase name="testCalculateTotalPriceWithDates" classname="com.bookingmx.reservation.util.PriceCalculatorTest" time="0.0"/>
  <testcase name="testCalculateTotalPriceNullDates" classname="com.bookingmx.reservation.util.PriceCalculatorTest" time="0.008"/>
  <testcase name="testCalculateBasePriceSingle" classname="com.bookingmx.reservation.util.PriceCalculatorTest" time="0.0"/>
  <testcase name="testCalculateBasePriceWithDates" classname="com.bookingmx.reservation.util.PriceCalculatorTest" time="0.0"/>
  <testcase name="testCalculateTotalPriceWithDiscountAndTax" classname="com.bookingmx.reservation.util.PriceCalculatorTest" time="0.0"/>
  <testcase name="testCalculateTax" classname="com.bookingmx.reservation.util.PriceCalculatorTest" time="0.0"/>
</testsuite>