<?xml version="1.0" encoding="UTF-8"?>
<testsuite xmlns:xsi="http://www.w3.org/2001/XMLSchema-instance" xsi:noNamespaceSchemaLocation="https://maven.apache.org/surefire/maven-surefire-plugin/xsd/surefire-test-report-3.0.xsd" version="3.0" name="com.bookingmx.reservation.model.ReservationTest" time="0.627" tests="48" errors="0" skipped="0" failures="0">
  <properties>
[...]
</properties>
  <testcase name="testSetAndGetStatus" classname="com.bookingmx.reservation.model.ReservationTest" time="0.229"/>
  <testcase name="testCreateReservationWithNullCheckOut" classname="com.bookingmx.reservation.model.ReservationTest" time="0.014"/>
  <testcase name="testSetNegativeTotalPrice" classname="com.bookingmx.reservation.model.ReservationTest" time="0.006"/>
  <testcase name="testCancelCompletedReservation" classname="com.bookingmx.reservation.model.ReservationTest" time="0.005"/>
  <testcase name="testSetNullCheckOutDate" classname="com.bookingmx.reservation.model.ReservationTest" time="0.005"/>
  <testcase name="testSetInvalidCheckOutDate" classname="com.bookingmx.reservation.model.ReservationTest" time="0.0"/>
  <testcase name="testIsActiveForCancelledReservation" classname="com.bookingmx.reservation.model.ReservationTest" time="0.003"/>
  <testcase name="testToString" classname="com.bookingmx.reservation.model.ReservationTest" time="0.033"/>
  <testcase name="testCreateReservationWithNullEmail" classname="com.bookingmx.reservation.model.ReservationTest" time="0.005"/>
  <testcase name="testCalculateNumberOfNights" classname="com.bookingmx.reservation.model.ReservationTest" time="0.004"/>
  <testcase name="testCreateReservationWithNegativePrice" classname="com.bookingmx.reservation.model.ReservationTest" time="0.002"/>
  <testcase name="testCreateReservationWithCheckOutEqualsCheckIn" classname="com.bookingmx.reservation.model.ReservationTest" time="0.001"/>
  <testcase name="testCreateReservationWithBlankName" classname="com.bookingmx.reservation.model.ReservationTest" time="0.003"/>
  <testcase name="testExceptionConstructors" classname="com.bookingmx.reservation.model.ReservationTest" time="0.004"/>
  <testcase name="testCreateReservationWithValidEmail" classname="com.bookingmx.reservation.model.ReservationTest" time="0.0"/>
  <testcase name="testCreateReservationWithNullCheckIn" classname="com.bookingmx.reservation.model.ReservationTest" time="0.004"/>
  <testcase name="testSetAndGetId" classname="com.bookingmx.reservation.model.ReservationTest" time="0.0"/>
  <testcase name="testCreateReservationWithCustomPrice" classname="com.bookingmx.reservation.model.ReservationTest" time="0.0"/>
  <testcase name="testCancelAlreadyCancelledReservation" classname="com.bookingmx.reservation.model.ReservationTest" time="0.002"/>
  <testcase name="testCreateReservationWithNullRoomType" classname="com.bookingmx.reservation.model.ReservationTest" time="0.003"/>
  <testcase name="testCalculateTotalPrice" classname="com.bookingmx.reservation.model.ReservationTest" time="0.002"/>
  <testcase name="testSetAndGetCreatedAt" classname="com.bookingmx.reservation.model.ReservationTest" time="0.002"/>
  <testcase name="testConfirmNonPendingReservation" classname="com.bookingmx.reservation.model.ReservationTest" time="0.004"/>
  <testcase name="testCreateReservationWithAllRoomTypes(RoomType)[1]" classname="com.bookingmx.reservation.model.ReservationTest" time="0.044"/>
  <testcase name="testCreateReservationWithAllRoomTypes(RoomType)[2]" classname="com.bookingmx.reservation.model.ReservationTest" time="0.002"/>
  <testcase name="testCreateReservationWithAllRoomTypes(RoomType)[3]" classname="com.bookingmx.reservation.model.ReservationTest" time="0.002"/>
  <testcase name="testCreateReservationWithAllRoomTypes(RoomType)[4]" classname="com.bookingmx.reservation.model.ReservationTest" time="0.002"/>
  <testcase name="testSetNullGuestName" classname="com.bookingmx.reservation.model.ReservationTest" time="0.002"/>
  <testcase name="testCreateReservationWithCheckOutBeforeCheckIn" classname="com.bookingmx.reservation.model.ReservationTest" time="0.002"/>
  <testcase name="testCreateReservationWithEmptyName" classname="com.bookingmx.reservation.model.ReservationTest" time="0.001"/>
  <testcase name="testSetCheckInDate" classname="com.bookingmx.reservation.model.ReservationTest" time="0.001"/>
  <testcase name="testCreateReservationWithInvalidEmail(String)[1]" classname="com.bookingmx.reservation.model.ReservationTest" time="0.003"/>
  <testcase name="testCreateReservationWithInvalidEmail(String)[2]" classname="com.bookingmx.reservation.model.ReservationTest" time="0.003"/>
  <testcase name="testCreateReservationWithInvalidEmail(String)[3]" classname="com.bookingmx.reservation.model.ReservationTest" time="0.001"/>
  <testcase name="testCreateReservationWithInvalidEmail(String)[4]" classname="com.bookingmx.reservation.model.ReservationTest" time="0.002"/>
  <testcase name="testCreateReservationWithInvalidEmail(String)[5]" classname="com.bookingmx.reservation.model.ReservationTest" time="0.002"/>
  <testcase name="testCreateReservationWithInvalidEmail(String)[6]" classname="com.bookingmx.reservation.model.ReservationTest" time="0.001"/>
  <testcase name="testCreateReservationWithValidData" classname="com.bookingmx.reservation.model.ReservationTest" time="0.001"/>
  <testcase name="testEqualsAndHashCode" classname="com.bookingmx.reservation.model.ReservationTest" time="0.001"/>
  <testcase name="testSetNullGuestEmail" classname="com.bookingmx.reservation.model.ReservationTest" time="0.002"/>
  <testcase name="testIsActiveForConfirmedReservation" classname="com.bookingmx.reservation.model.ReservationTest" time="0.002"/>
  <testcase name="testSetGuestName" classname="com.bookingmx.reservation.model.ReservationTest" time="0.001"/>
  <testcase name="testCreateReservationWithNullName" classname="com.bookingmx.reservation.model.ReservationTest" time="0.001"/>
  <testcase name="testCreateReservationWithPastCheckIn" classname="com.bookingmx.reservation.model.ReservationTest" time="0.001"/>
  <testcase name="testCancelReservation" classname="com.bookingmx.reservation.model.ReservationTest" time="0.0"/>
  <testcase name="testCalculateMethodsWithNulls" classname="com.bookingmx.reservation.model.ReservationTest" time="0.0"/>
  <testcase name="testConfirmReservation" classname="com.bookingmx.reservation.model.ReservationTest" time="0.001"/>
  <testcase name="testSetNullRoomType" classname="com.bookingmx.reservation.model.ReservationTest" time="0.001"/>
</testsuite>